# JRE version: Java(TM) SE Runtime Environment (8.0_31-b13) (build 1.8.0_31-b13)
# Java VM: Java HotSpot(TM) 64-Bit Server VM (25.31-b07 mixed mode windows-amd64 compressed oops)
Heap:
 PSYoungGen      total 331264K, used 120625K [0x000000076b800000, 0x0000000786200000, 0x00000007c0000000)
  eden space 313856K, 32% used [0x000000076b800000,0x0000000771ccfc78,0x000000077ea80000)
  from space 17408K, 99% used [0x000000077ea80000,0x000000077fb7c8f8,0x000000077fb80000)
  to   space 30720K, 0% used [0x0000000784400000,0x0000000784400000,0x0000000786200000)
 ParOldGen       total 140800K, used 49050K [0x00000006c2800000, 0x00000006cb180000, 0x000000076b800000)
  object space 140800K, 34% used [0x00000006c2800000,0x00000006c57e68e0,0x00000006cb180000)
 Metaspace       used 53445K, capacity 55500K, committed 55592K, reserved 1097728K
  class space    used 7057K, capacity 7422K, committed 7464K, reserved 1048576K
GC Heap History (10 events):
Event: 3.952 GC heap before
{Heap before GC invocations=9 (full 1):
 PSYoungGen      total 138240K, used 137161K [0x000000076b800000, 0x000000077a780000, 0x00000007c0000000)
  eden space 129024K, 100% used [0x000000076b800000,0x0000000773600000,0x0000000773600000)
  from space 9216K, 88% used [0x0000000773600000,0x0000000773df26e0,0x0000000773f00000)
  to   space 10240K, 0% used [0x0000000779d80000,0x0000000779d80000,0x000000077a780000)
 ParOldGen       total 88576K, used 7555K [0x00000006c2800000, 0x00000006c7e80000, 0x000000076b800000)
  object space 88576K, 8% used [0x00000006c2800000,0x00000006c2f60eb0,0x00000006c7e80000)
 Metaspace       used 30966K, capacity 32158K, committed 32256K, reserved 1077248K
  class space    used 4078K, capacity 4297K, committed 4352K, reserved 1048576K
Event: 3.957 GC heap after
Heap after GC invocations=9 (full 1):
 PSYoungGen      total 232448K, used 10224K [0x000000076b800000, 0x000000077aa80000, 0x00000007c0000000)
  eden space 222208K, 0% used [0x000000076b800000,0x000000076b800000,0x0000000779100000)
  from space 10240K, 99% used [0x0000000779d80000,0x000000077a77c260,0x000000077a780000)
  to   space 12800K, 0% used [0x0000000779100000,0x0000000779100000,0x0000000779d80000)
 ParOldGen       total 88576K, used 10227K [0x00000006c2800000, 0x00000006c7e80000, 0x000000076b800000)
  object space 88576K, 11% used [0x00000006c2800000,0x00000006c31fce48,0x00000006c7e80000)
 Metaspace       used 30966K, capacity 32158K, committed 32256K, reserved 1077248K
  class space    used 4078K, capacity 4297K, committed 4352K, reserved 1048576K
}
Event: 4.335 GC heap before
{Heap before GC invocations=10 (full 1):
 PSYoungGen      total 232448K, used 102248K [0x000000076b800000, 0x000000077aa80000, 0x00000007c0000000)
  eden space 222208K, 41% used [0x000000076b800000,0x00000007711ddde8,0x0000000779100000)
  from space 10240K, 99% used [0x0000000779d80000,0x000000077a77c260,0x000000077a780000)
  to   space 12800K, 0% used [0x0000000779100000,0x0000000779100000,0x0000000779d80000)
 ParOldGen       total 88576K, used 10227K [0x00000006c2800000, 0x00000006c7e80000, 0x000000076b800000)
  object space 88576K, 11% used [0x00000006c2800000,0x00000006c31fce48,0x00000006c7e80000)
 Metaspace       used 33950K, capacity 35432K, committed 35496K, reserved 1079296K
  class space    used 4495K, capacity 4751K, committed 4776K, reserved 1048576K
Event: 4.340 GC heap after
Heap after GC invocations=10 (full 1):
 PSYoungGen      total 235008K, used 12785K [0x000000076b800000, 0x0000000780c80000, 0x00000007c0000000)
  eden space 222208K, 0% used [0x000000076b800000,0x000000076b800000,0x0000000779100000)
  from space 12800K, 99% used [0x0000000779100000,0x0000000779d7c6c0,0x0000000779d80000)
  to   space 15360K, 0% used [0x000000077fd80000,0x000000077fd80000,0x0000000780c80000)
 ParOldGen       total 88576K, used 11816K [0x00000006c2800000, 0x00000006c7e80000, 0x000000076b800000)
  object space 88576K, 13% used [0x00000006c2800000,0x00000006c338a210,0x00000006c7e80000)
 Metaspace       used 33950K, capacity 35432K, committed 35496K, reserved 1079296K
  class space    used 4495K, capacity 4751K, committed 4776K, reserved 1048576K
}
Event: 4.341 GC heap before
{Heap before GC invocations=11 (full 2):
 PSYoungGen      total 235008K, used 12785K [0x000000076b800000, 0x0000000780c80000, 0x00000007c0000000)
  eden space 222208K, 0% used [0x000000076b800000,0x000000076b800000,0x0000000779100000)
  from space 12800K, 99% used [0x0000000779100000,0x0000000779d7c6c0,0x0000000779d80000)
  to   space 15360K, 0% used [0x000000077fd80000,0x000000077fd80000,0x0000000780c80000)
 ParOldGen       total 88576K, used 11816K [0x00000006c2800000, 0x00000006c7e80000, 0x000000076b800000)
  object space 88576K, 13% used [0x00000006c2800000,0x00000006c338a210,0x00000006c7e80000)
 Metaspace       used 33950K, capacity 35432K, committed 35496K, reserved 1079296K
  class space    used 4495K, capacity 4751K, committed 4776K, reserved 1048576K
Event: 4.369 GC heap after
Heap after GC invocations=11 (full 2):
 PSYoungGen      total 235008K, used 0K [0x000000076b800000, 0x0000000780c80000, 0x00000007c0000000)
  eden space 222208K, 0% used [0x000000076b800000,0x000000076b800000,0x0000000779100000)
  from space 12800K, 0% used [0x0000000779100000,0x0000000779100000,0x0000000779d80000)
  to   space 15360K, 0% used [0x000000077fd80000,0x000000077fd80000,0x0000000780c80000)
 ParOldGen       total 140800K, used 19074K [0x00000006c2800000, 0x00000006cb180000, 0x000000076b800000)
  object space 140800K, 13% used [0x00000006c2800000,0x00000006c3aa0808,0x00000006cb180000)
 Metaspace       used 33950K, capacity 35432K, committed 35496K, reserved 1079296K
  class space    used 4495K, capacity 4751K, committed 4776K, reserved 1048576K
}
Event: 5.896 GC heap before
{Heap before GC invocations=12 (full 2):
 PSYoungGen      total 235008K, used 222208K [0x000000076b800000, 0x0000000780c80000, 0x00000007c0000000)
  eden space 222208K, 100% used [0x000000076b800000,0x0000000779100000,0x0000000779100000)
  from space 12800K, 0% used [0x0000000779100000,0x0000000779100000,0x0000000779d80000)
  to   space 15360K, 0% used [0x000000077fd80000,0x000000077fd80000,0x0000000780c80000)
 ParOldGen       total 140800K, used 19074K [0x00000006c2800000, 0x00000006cb180000, 0x000000076b800000)
  object space 140800K, 13% used [0x00000006c2800000,0x00000006c3aa0808,0x00000006cb180000)
 Metaspace       used 43428K, capacity 45128K, committed 45352K, reserved 1089536K
  class space    used 5880K, capacity 6177K, committed 6184K, reserved 1048576K
Event: 5.904 GC heap after
Heap after GC invocations=12 (full 2):
 PSYoungGen      total 301568K, used 15334K [0x000000076b800000, 0x0000000780c80000, 0x00000007c0000000)
  eden space 286208K, 0% used [0x000000076b800000,0x000000076b800000,0x000000077cf80000)
  from space 15360K, 99% used [0x000000077fd80000,0x0000000780c79ae0,0x0000000780c80000)
  to   space 17408K, 0% used [0x000000077ea80000,0x000000077ea80000,0x000000077fb80000)
 ParOldGen       total 140800K, used 19366K [0x00000006c2800000, 0x00000006cb180000, 0x000000076b800000)
  object space 140800K, 13% used [0x00000006c2800000,0x00000006c3ae9968,0x00000006cb180000)
 Metaspace       used 43428K, capacity 45128K, committed 45352K, reserved 1089536K
  class space    used 5880K, capacity 6177K, committed 6184K, reserved 1048576K
}
Event: 7.201 GC heap before
{Heap before GC invocations=13 (full 2):
 PSYoungGen      total 301568K, used 301542K [0x000000076b800000, 0x0000000780c80000, 0x00000007c0000000)
  eden space 286208K, 100% used [0x000000076b800000,0x000000077cf80000,0x000000077cf80000)
  from space 15360K, 99% used [0x000000077fd80000,0x0000000780c79ae0,0x0000000780c80000)
  to   space 17408K, 0% used [0x000000077ea80000,0x000000077ea80000,0x000000077fb80000)
 ParOldGen       total 140800K, used 19366K [0x00000006c2800000, 0x00000006cb180000, 0x000000076b800000)
  object space 140800K, 13% used [0x00000006c2800000,0x00000006c3ae9968,0x00000006cb180000)
 Metaspace       used 50767K, capacity 52712K, committed 53032K, reserved 1095680K
  class space    used 6786K, capacity 7105K, committed 7208K, reserved 1048576K
Event: 7.229 GC heap after
Heap after GC invocations=13 (full 2):
 PSYoungGen      total 331264K, used 17394K [0x000000076b800000, 0x0000000786200000, 0x00000007c0000000)
  eden space 313856K, 0% used [0x000000076b800000,0x000000076b800000,0x000000077ea80000)
  from space 17408K, 99% used [0x000000077ea80000,0x000000077fb7c8f8,0x000000077fb80000)
  to   space 30720K, 0% used [0x0000000784400000,0x0000000784400000,0x0000000786200000)
 ParOldGen       total 140800K, used 49050K [0x00000006c2800000, 0x00000006cb180000, 0x000000076b800000)
  object space 140800K, 34% used [0x00000006c2800000,0x00000006c57e68e0,0x00000006cb180000)
 Metaspace       used 50767K, capacity 52712K, committed 53032K, reserved 1095680K
  class space    used 6786K, capacity 7105K, committed 7208K, reserved 1048576K
}

