# JRE version: Java(TM) SE Runtime Environment (8.0_31-b13) (build 1.8.0_31-b13)
# Java VM: Java HotSpot(TM) 64-Bit Server VM (25.31-b07 mixed mode windows-amd64 compressed oops)
Heap:
 PSYoungGen      total 927744K, used 626202K [0x000000076b800000, 0x00000007a7e80000, 0x00000007c0000000)
  eden space 913920K, 68% used [0x000000076b800000,0x0000000791b46890,0x00000007a3480000)
  from space 13824K, 1% used [0x00000007a7100000,0x00000007a7140000,0x00000007a7e80000)
  to   space 37888K, 0% used [0x00000007a3480000,0x00000007a3480000,0x00000007a5980000)
 ParOldGen       total 197120K, used 75347K [0x00000006c2800000, 0x00000006ce880000, 0x000000076b800000)
  object space 197120K, 38% used [0x00000006c2800000,0x00000006c7194da0,0x00000006ce880000)
 Metaspace       used 67506K, capacity 69894K, committed 70272K, reserved 1110016K
  class space    used 8339K, capacity 8755K, committed 8832K, reserved 1048576K
GC Heap History (10 events):
Event: 8.476 GC heap before
{Heap before GC invocations=11 (full 2):
 PSYoungGen      total 488960K, used 475136K [0x000000076b800000, 0x000000078ab00000, 0x00000007c0000000)
  eden space 475136K, 100% used [0x000000076b800000,0x0000000788800000,0x0000000788800000)
  from space 13824K, 0% used [0x0000000789d80000,0x0000000789d80000,0x000000078ab00000)
  to   space 15360K, 0% used [0x0000000788d00000,0x0000000788d00000,0x0000000789c00000)
 ParOldGen       total 112640K, used 20591K [0x00000006c2800000, 0x00000006c9600000, 0x000000076b800000)
  object space 112640K, 18% used [0x00000006c2800000,0x00000006c3c1bc18,0x00000006c9600000)
 Metaspace       used 51279K, capacity 53326K, committed 53632K, reserved 1095680K
  class space    used 6851K, capacity 7225K, committed 7296K, reserved 1048576K
Event: 8.493 GC heap after
Heap after GC invocations=11 (full 2):
 PSYoungGen      total 495616K, used 15354K [0x000000076b800000, 0x0000000798800000, 0x00000007c0000000)
  eden space 480256K, 0% used [0x000000076b800000,0x000000076b800000,0x0000000788d00000)
  from space 15360K, 99% used [0x0000000788d00000,0x0000000789bfe928,0x0000000789c00000)
  to   space 23552K, 0% used [0x0000000797100000,0x0000000797100000,0x0000000798800000)
 ParOldGen       total 112640K, used 35953K [0x00000006c2800000, 0x00000006c9600000, 0x000000076b800000)
  object space 112640K, 31% used [0x00000006c2800000,0x00000006c4b1c530,0x00000006c9600000)
 Metaspace       used 51279K, capacity 53326K, committed 53632K, reserved 1095680K
  class space    used 6851K, capacity 7225K, committed 7296K, reserved 1048576K
}
Event: 11.175 GC heap before
{Heap before GC invocations=12 (full 2):
 PSYoungGen      total 495616K, used 374532K [0x000000076b800000, 0x0000000798800000, 0x00000007c0000000)
  eden space 480256K, 74% used [0x000000076b800000,0x00000007816c27a8,0x0000000788d00000)
  from space 15360K, 99% used [0x0000000788d00000,0x0000000789bfe928,0x0000000789c00000)
  to   space 23552K, 0% used [0x0000000797100000,0x0000000797100000,0x0000000798800000)
 ParOldGen       total 112640K, used 35953K [0x00000006c2800000, 0x00000006c9600000, 0x000000076b800000)
  object space 112640K, 31% used [0x00000006c2800000,0x00000006c4b1c530,0x00000006c9600000)
 Metaspace       used 57672K, capacity 59986K, committed 60032K, reserved 1101824K
  class space    used 7632K, capacity 8054K, committed 8064K, reserved 1048576K
Event: 11.208 GC heap after
Heap after GC invocations=12 (full 2):
 PSYoungGen      total 699392K, used 23522K [0x000000076b800000, 0x0000000799f00000, 0x00000007c0000000)
  eden space 675840K, 0% used [0x000000076b800000,0x000000076b800000,0x0000000794c00000)
  from space 23552K, 99% used [0x0000000797100000,0x00000007987f8b48,0x0000000798800000)
  to   space 37888K, 0% used [0x0000000794c00000,0x0000000794c00000,0x0000000797100000)
 ParOldGen       total 112640K, used 65925K [0x00000006c2800000, 0x00000006c9600000, 0x000000076b800000)
  object space 112640K, 58% used [0x00000006c2800000,0x00000006c6861538,0x00000006c9600000)
 Metaspace       used 57672K, capacity 59986K, committed 60032K, reserved 1101824K
  class space    used 7632K, capacity 8054K, committed 8064K, reserved 1048576K
}
Event: 11.208 GC heap before
{Heap before GC invocations=13 (full 3):
 PSYoungGen      total 699392K, used 23522K [0x000000076b800000, 0x0000000799f00000, 0x00000007c0000000)
  eden space 675840K, 0% used [0x000000076b800000,0x000000076b800000,0x0000000794c00000)
  from space 23552K, 99% used [0x0000000797100000,0x00000007987f8b48,0x0000000798800000)
  to   space 37888K, 0% used [0x0000000794c00000,0x0000000794c00000,0x0000000797100000)
 ParOldGen       total 112640K, used 65925K [0x00000006c2800000, 0x00000006c9600000, 0x000000076b800000)
  object space 112640K, 58% used [0x00000006c2800000,0x00000006c6861538,0x00000006c9600000)
 Metaspace       used 57672K, capacity 59986K, committed 60032K, reserved 1101824K
  class space    used 7632K, capacity 8054K, committed 8064K, reserved 1048576K
Event: 11.379 GC heap after
Heap after GC invocations=13 (full 3):
 PSYoungGen      total 699392K, used 0K [0x000000076b800000, 0x0000000799f00000, 0x00000007c0000000)
  eden space 675840K, 0% used [0x000000076b800000,0x000000076b800000,0x0000000794c00000)
  from space 23552K, 0% used [0x0000000797100000,0x0000000797100000,0x0000000798800000)
  to   space 37888K, 0% used [0x0000000794c00000,0x0000000794c00000,0x0000000797100000)
 ParOldGen       total 197120K, used 74255K [0x00000006c2800000, 0x00000006ce880000, 0x000000076b800000)
  object space 197120K, 37% used [0x00000006c2800000,0x00000006c7083d50,0x00000006ce880000)
 Metaspace       used 57672K, capacity 59986K, committed 60032K, reserved 1101824K
  class space    used 7632K, capacity 8054K, committed 8064K, reserved 1048576K
}
Event: 14.630 GC heap before
{Heap before GC invocations=14 (full 3):
 PSYoungGen      total 699392K, used 675840K [0x000000076b800000, 0x0000000799f00000, 0x00000007c0000000)
  eden space 675840K, 100% used [0x000000076b800000,0x0000000794c00000,0x0000000794c00000)
  from space 23552K, 0% used [0x0000000797100000,0x0000000797100000,0x0000000798800000)
  to   space 37888K, 0% used [0x0000000794c00000,0x0000000794c00000,0x0000000797100000)
 ParOldGen       total 197120K, used 74255K [0x00000006c2800000, 0x00000006ce880000, 0x000000076b800000)
  object space 197120K, 37% used [0x00000006c2800000,0x00000006c7083d50,0x00000006ce880000)
 Metaspace       used 65627K, capacity 68102K, committed 68480K, reserved 1110016K
  class space    used 8081K, capacity 8499K, committed 8576K, reserved 1048576K
Event: 14.637 GC heap after
Heap after GC invocations=14 (full 3):
 PSYoungGen      total 713728K, used 5829K [0x000000076b800000, 0x00000007a9580000, 0x00000007c0000000)
  eden space 675840K, 0% used [0x000000076b800000,0x000000076b800000,0x0000000794c00000)
  from space 37888K, 15% used [0x0000000794c00000,0x00000007951b14b8,0x0000000797100000)
  to   space 37376K, 0% used [0x00000007a7100000,0x00000007a7100000,0x00000007a9580000)
 ParOldGen       total 197120K, used 74263K [0x00000006c2800000, 0x00000006ce880000, 0x000000076b800000)
  object space 197120K, 37% used [0x00000006c2800000,0x00000006c7085d50,0x00000006ce880000)
 Metaspace       used 65627K, capacity 68102K, committed 68480K, reserved 1110016K
  class space    used 8081K, capacity 8499K, committed 8576K, reserved 1048576K
}
Event: 15.372 GC heap before
{Heap before GC invocations=15 (full 3):
 PSYoungGen      total 713728K, used 681669K [0x000000076b800000, 0x00000007a9580000, 0x00000007c0000000)
  eden space 675840K, 100% used [0x000000076b800000,0x0000000794c00000,0x0000000794c00000)
  from space 37888K, 15% used [0x0000000794c00000,0x00000007951b14b8,0x0000000797100000)
  to   space 37376K, 0% used [0x00000007a7100000,0x00000007a7100000,0x00000007a9580000)
 ParOldGen       total 197120K, used 74263K [0x00000006c2800000, 0x00000006ce880000, 0x000000076b800000)
  object space 197120K, 37% used [0x00000006c2800000,0x00000006c7085d50,0x00000006ce880000)
 Metaspace       used 65628K, capacity 68102K, committed 68480K, reserved 1110016K
  class space    used 8081K, capacity 8499K, committed 8576K, reserved 1048576K
Event: 15.375 GC heap after
Heap after GC invocations=15 (full 3):
 PSYoungGen      total 927744K, used 256K [0x000000076b800000, 0x00000007a7e80000, 0x00000007c0000000)
  eden space 913920K, 0% used [0x000000076b800000,0x000000076b800000,0x00000007a3480000)
  from space 13824K, 1% used [0x00000007a7100000,0x00000007a7140000,0x00000007a7e80000)
  to   space 37888K, 0% used [0x00000007a3480000,0x00000007a3480000,0x00000007a5980000)
 ParOldGen       total 197120K, used 75347K [0x00000006c2800000, 0x00000006ce880000, 0x000000076b800000)
  object space 197120K, 38% used [0x00000006c2800000,0x00000006c7194da0,0x00000006ce880000)
 Metaspace       used 65628K, capacity 68102K, committed 68480K, reserved 1110016K
  class space    used 8081K, capacity 8499K, committed 8576K, reserved 1048576K
}

