# JRE version: Java(TM) SE Runtime Environment (8.0_31-b13) (build 1.8.0_31-b13)
# Java VM: Java HotSpot(TM) 64-Bit Server VM (25.31-b07 mixed mode windows-amd64 compressed oops)
Heap:
 PSYoungGen      total 678912K, used 389719K [0x000000076b800000, 0x0000000797980000, 0x00000007c0000000)
  eden space 655872K, 59% used [0x000000076b800000,0x0000000783331d20,0x0000000793880000)
  from space 23040K, 6% used [0x0000000796300000,0x0000000796464030,0x0000000797980000)
  to   space 33280K, 0% used [0x0000000793880000,0x0000000793880000,0x0000000795900000)
 ParOldGen       total 247296K, used 70272K [0x00000006c2800000, 0x00000006d1980000, 0x000000076b800000)
  object space 247296K, 28% used [0x00000006c2800000,0x00000006c6ca0348,0x00000006d1980000)
 Metaspace       used 63355K, capacity 65820K, committed 66072K, reserved 1105920K
  class space    used 8224K, capacity 8657K, committed 8744K, reserved 1048576K
GC Heap History (10 events):
Event: 16.109 GC heap before
{Heap before GC invocations=13 (full 2):
 PSYoungGen      total 457216K, used 228144K [0x000000076b800000, 0x000000078a880000, 0x00000007c0000000)
  eden space 442880K, 48% used [0x000000076b800000,0x00000007788d1958,0x0000000786880000)
  from space 14336K, 99% used [0x0000000788280000,0x000000078907a918,0x0000000789080000)
  to   space 26624K, 0% used [0x0000000786880000,0x0000000786880000,0x0000000788280000)
 ParOldGen       total 144384K, used 46990K [0x00000006c2800000, 0x00000006cb500000, 0x000000076b800000)
  object space 144384K, 32% used [0x00000006c2800000,0x00000006c55e38c0,0x00000006cb500000)
 Metaspace       used 56838K, capacity 59106K, committed 59160K, reserved 1099776K
  class space    used 7553K, capacity 7952K, committed 7976K, reserved 1048576K
Event: 16.132 GC heap after
Heap after GC invocations=13 (full 2):
 PSYoungGen      total 469504K, used 26609K [0x000000076b800000, 0x0000000791e00000, 0x00000007c0000000)
  eden space 442880K, 0% used [0x000000076b800000,0x000000076b800000,0x0000000786880000)
  from space 26624K, 99% used [0x0000000786880000,0x000000078827c5d8,0x0000000788280000)
  to   space 33792K, 0% used [0x000000078fd00000,0x000000078fd00000,0x0000000791e00000)
 ParOldGen       total 144384K, used 55367K [0x00000006c2800000, 0x00000006cb500000, 0x000000076b800000)
  object space 144384K, 38% used [0x00000006c2800000,0x00000006c5e11d10,0x00000006cb500000)
 Metaspace       used 56838K, capacity 59106K, committed 59160K, reserved 1099776K
  class space    used 7553K, capacity 7952K, committed 7976K, reserved 1048576K
}
Event: 16.132 GC heap before
{Heap before GC invocations=14 (full 3):
 PSYoungGen      total 469504K, used 26609K [0x000000076b800000, 0x0000000791e00000, 0x00000007c0000000)
  eden space 442880K, 0% used [0x000000076b800000,0x000000076b800000,0x0000000786880000)
  from space 26624K, 99% used [0x0000000786880000,0x000000078827c5d8,0x0000000788280000)
  to   space 33792K, 0% used [0x000000078fd00000,0x000000078fd00000,0x0000000791e00000)
 ParOldGen       total 144384K, used 55367K [0x00000006c2800000, 0x00000006cb500000, 0x000000076b800000)
  object space 144384K, 38% used [0x00000006c2800000,0x00000006c5e11d10,0x00000006cb500000)
 Metaspace       used 56838K, capacity 59106K, committed 59160K, reserved 1099776K
  class space    used 7553K, capacity 7952K, committed 7976K, reserved 1048576K
Event: 16.343 GC heap after
Heap after GC invocations=14 (full 3):
 PSYoungGen      total 469504K, used 0K [0x000000076b800000, 0x0000000791e00000, 0x00000007c0000000)
  eden space 442880K, 0% used [0x000000076b800000,0x000000076b800000,0x0000000786880000)
  from space 26624K, 0% used [0x0000000786880000,0x0000000786880000,0x0000000788280000)
  to   space 33792K, 0% used [0x000000078fd00000,0x000000078fd00000,0x0000000791e00000)
 ParOldGen       total 247296K, used 70256K [0x00000006c2800000, 0x00000006d1980000, 0x000000076b800000)
  object space 247296K, 28% used [0x00000006c2800000,0x00000006c6c9c348,0x00000006d1980000)
 Metaspace       used 56838K, capacity 59106K, committed 59160K, reserved 1099776K
  class space    used 7553K, capacity 7952K, committed 7976K, reserved 1048576K
}
Event: 18.575 GC heap before
{Heap before GC invocations=15 (full 3):
 PSYoungGen      total 469504K, used 442880K [0x000000076b800000, 0x0000000791e00000, 0x00000007c0000000)
  eden space 442880K, 100% used [0x000000076b800000,0x0000000786880000,0x0000000786880000)
  from space 26624K, 0% used [0x0000000786880000,0x0000000786880000,0x0000000788280000)
  to   space 33792K, 0% used [0x000000078fd00000,0x000000078fd00000,0x0000000791e00000)
 ParOldGen       total 247296K, used 70256K [0x00000006c2800000, 0x00000006d1980000, 0x000000076b800000)
  object space 247296K, 28% used [0x00000006c2800000,0x00000006c6c9c348,0x00000006d1980000)
 Metaspace       used 62189K, capacity 64636K, committed 64920K, reserved 1105920K
  class space    used 8073K, capacity 8497K, committed 8616K, reserved 1048576K
Event: 18.581 GC heap after
Heap after GC invocations=15 (full 3):
 PSYoungGen      total 568320K, used 5446K [0x000000076b800000, 0x0000000791080000, 0x00000007c0000000)
  eden space 548352K, 0% used [0x000000076b800000,0x000000076b800000,0x000000078cf80000)
  from space 19968K, 27% used [0x000000078fd00000,0x0000000790251878,0x0000000791080000)
  to   space 33280K, 0% used [0x000000078cf80000,0x000000078cf80000,0x000000078f000000)
 ParOldGen       total 247296K, used 70264K [0x00000006c2800000, 0x00000006d1980000, 0x000000076b800000)
  object space 247296K, 28% used [0x00000006c2800000,0x00000006c6c9e348,0x00000006d1980000)
 Metaspace       used 62189K, capacity 64636K, committed 64920K, reserved 1105920K
  class space    used 8073K, capacity 8497K, committed 8616K, reserved 1048576K
}
Event: 19.318 GC heap before
{Heap before GC invocations=16 (full 3):
 PSYoungGen      total 568320K, used 553798K [0x000000076b800000, 0x0000000791080000, 0x00000007c0000000)
  eden space 548352K, 100% used [0x000000076b800000,0x000000078cf80000,0x000000078cf80000)
  from space 19968K, 27% used [0x000000078fd00000,0x0000000790251878,0x0000000791080000)
  to   space 33280K, 0% used [0x000000078cf80000,0x000000078cf80000,0x000000078f000000)
 ParOldGen       total 247296K, used 70264K [0x00000006c2800000, 0x00000006d1980000, 0x000000076b800000)
  object space 247296K, 28% used [0x00000006c2800000,0x00000006c6c9e348,0x00000006d1980000)
 Metaspace       used 62945K, capacity 65404K, committed 65560K, reserved 1105920K
  class space    used 8206K, capacity 8625K, committed 8744K, reserved 1048576K
Event: 19.321 GC heap after
Heap after GC invocations=16 (full 3):
 PSYoungGen      total 581632K, used 1968K [0x000000076b800000, 0x0000000798380000, 0x00000007c0000000)
  eden space 548352K, 0% used [0x000000076b800000,0x000000076b800000,0x000000078cf80000)
  from space 33280K, 5% used [0x000000078cf80000,0x000000078d16c030,0x000000078f000000)
  to   space 33280K, 0% used [0x0000000796300000,0x0000000796300000,0x0000000798380000)
 ParOldGen       total 247296K, used 70272K [0x00000006c2800000, 0x00000006d1980000, 0x000000076b800000)
  object space 247296K, 28% used [0x00000006c2800000,0x00000006c6ca0348,0x00000006d1980000)
 Metaspace       used 62945K, capacity 65404K, committed 65560K, reserved 1105920K
  class space    used 8206K, capacity 8625K, committed 8744K, reserved 1048576K
}
Event: 19.978 GC heap before
{Heap before GC invocations=17 (full 3):
 PSYoungGen      total 581632K, used 550320K [0x000000076b800000, 0x0000000798380000, 0x00000007c0000000)
  eden space 548352K, 100% used [0x000000076b800000,0x000000078cf80000,0x000000078cf80000)
  from space 33280K, 5% used [0x000000078cf80000,0x000000078d16c030,0x000000078f000000)
  to   space 33280K, 0% used [0x0000000796300000,0x0000000796300000,0x0000000798380000)
 ParOldGen       total 247296K, used 70272K [0x00000006c2800000, 0x00000006d1980000, 0x000000076b800000)
  object space 247296K, 28% used [0x00000006c2800000,0x00000006c6ca0348,0x00000006d1980000)
 Metaspace       used 62954K, capacity 65404K, committed 65560K, reserved 1105920K
  class space    used 8207K, capacity 8625K, committed 8744K, reserved 1048576K
Event: 19.981 GC heap after
Heap after GC invocations=17 (full 3):
 PSYoungGen      total 678912K, used 1424K [0x000000076b800000, 0x0000000797980000, 0x00000007c0000000)
  eden space 655872K, 0% used [0x000000076b800000,0x000000076b800000,0x0000000793880000)
  from space 23040K, 6% used [0x0000000796300000,0x0000000796464030,0x0000000797980000)
  to   space 33280K, 0% used [0x0000000793880000,0x0000000793880000,0x0000000795900000)
 ParOldGen       total 247296K, used 70272K [0x00000006c2800000, 0x00000006d1980000, 0x000000076b800000)
  object space 247296K, 28% used [0x00000006c2800000,0x00000006c6ca0348,0x00000006d1980000)
 Metaspace       used 62954K, capacity 65404K, committed 65560K, reserved 1105920K
  class space    used 8207K, capacity 8625K, committed 8744K, reserved 1048576K
}

