# JRE version: Java(TM) SE Runtime Environment (8.0_31-b13) (build 1.8.0_31-b13)
# Java VM: Java HotSpot(TM) 64-Bit Server VM (25.31-b07 mixed mode windows-amd64 compressed oops)
Heap:
 PSYoungGen      total 625664K, used 22221K [0x000000076b800000, 0x0000000794480000, 0x00000007c0000000)
  eden space 601600K, 3% used [0x000000076b800000,0x000000076cb13418,0x0000000790380000)
  from space 24064K, 11% used [0x0000000792d00000,0x0000000792fa0020,0x0000000794480000)
  to   space 33280K, 0% used [0x0000000790380000,0x0000000790380000,0x0000000792400000)
 ParOldGen       total 249856K, used 69948K [0x00000006c2800000, 0x00000006d1c00000, 0x000000076b800000)
  object space 249856K, 27% used [0x00000006c2800000,0x00000006c6c4f148,0x00000006d1c00000)
 Metaspace       used 67495K, capacity 69890K, committed 70320K, reserved 1110016K
  class space    used 8342K, capacity 8755K, committed 8880K, reserved 1048576K
GC Heap History (10 events):
Event: 19.638 GC heap before
{Heap before GC invocations=13 (full 3):
 PSYoungGen      total 479232K, used 29158K [0x000000076b800000, 0x000000078bd00000, 0x00000007c0000000)
  eden space 450048K, 0% used [0x000000076b800000,0x000000076b800000,0x0000000786f80000)
  from space 29184K, 99% used [0x0000000789100000,0x000000078ad798f8,0x000000078ad80000)
  to   space 34304K, 0% used [0x0000000786f80000,0x0000000786f80000,0x0000000789100000)
 ParOldGen       total 147456K, used 57082K [0x00000006c2800000, 0x00000006cb800000, 0x000000076b800000)
  object space 147456K, 38% used [0x00000006c2800000,0x00000006c5fbead8,0x00000006cb800000)
 Metaspace       used 56801K, capacity 59122K, committed 59160K, reserved 1099776K
  class space    used 7546K, capacity 7946K, committed 7984K, reserved 1048576K
Event: 19.809 GC heap after
Heap after GC invocations=13 (full 3):
 PSYoungGen      total 479232K, used 0K [0x000000076b800000, 0x000000078bd00000, 0x00000007c0000000)
  eden space 450048K, 0% used [0x000000076b800000,0x000000076b800000,0x0000000786f80000)
  from space 29184K, 0% used [0x0000000789100000,0x0000000789100000,0x000000078ad80000)
  to   space 34304K, 0% used [0x0000000786f80000,0x0000000786f80000,0x0000000789100000)
 ParOldGen       total 249856K, used 69924K [0x00000006c2800000, 0x00000006d1c00000, 0x000000076b800000)
  object space 249856K, 27% used [0x00000006c2800000,0x00000006c6c49148,0x00000006d1c00000)
 Metaspace       used 56801K, capacity 59122K, committed 59160K, reserved 1099776K
  class space    used 7546K, capacity 7946K, committed 7984K, reserved 1048576K
}
Event: 21.066 GC heap before
{Heap before GC invocations=14 (full 3):
 PSYoungGen      total 479232K, used 450048K [0x000000076b800000, 0x000000078bd00000, 0x00000007c0000000)
  eden space 450048K, 100% used [0x000000076b800000,0x0000000786f80000,0x0000000786f80000)
  from space 29184K, 0% used [0x0000000789100000,0x0000000789100000,0x000000078ad80000)
  to   space 34304K, 0% used [0x0000000786f80000,0x0000000786f80000,0x0000000789100000)
 ParOldGen       total 249856K, used 69924K [0x00000006c2800000, 0x00000006d1c00000, 0x000000076b800000)
  object space 249856K, 27% used [0x00000006c2800000,0x00000006c6c49148,0x00000006d1c00000)
 Metaspace       used 61138K, capacity 63578K, committed 63792K, reserved 1103872K
  class space    used 8031K, capacity 8466K, committed 8496K, reserved 1048576K
Event: 21.072 GC heap after
Heap after GC invocations=14 (full 3):
 PSYoungGen      total 484352K, used 5476K [0x000000076b800000, 0x0000000790d00000, 0x00000007c0000000)
  eden space 450048K, 0% used [0x000000076b800000,0x000000076b800000,0x0000000786f80000)
  from space 34304K, 15% used [0x0000000786f80000,0x00000007874d9010,0x0000000789100000)
  to   space 33792K, 0% used [0x000000078ec00000,0x000000078ec00000,0x0000000790d00000)
 ParOldGen       total 249856K, used 69932K [0x00000006c2800000, 0x00000006d1c00000, 0x000000076b800000)
  object space 249856K, 27% used [0x00000006c2800000,0x00000006c6c4b148,0x00000006d1c00000)
 Metaspace       used 61138K, capacity 63578K, committed 63792K, reserved 1103872K
  class space    used 8031K, capacity 8466K, committed 8496K, reserved 1048576K
}
Event: 25.938 GC heap before
{Heap before GC invocations=15 (full 3):
 PSYoungGen      total 484352K, used 455524K [0x000000076b800000, 0x0000000790d00000, 0x00000007c0000000)
  eden space 450048K, 100% used [0x000000076b800000,0x0000000786f80000,0x0000000786f80000)
  from space 34304K, 15% used [0x0000000786f80000,0x00000007874d9010,0x0000000789100000)
  to   space 33792K, 0% used [0x000000078ec00000,0x000000078ec00000,0x0000000790d00000)
 ParOldGen       total 249856K, used 69932K [0x00000006c2800000, 0x00000006d1c00000, 0x000000076b800000)
  object space 249856K, 27% used [0x00000006c2800000,0x00000006c6c4b148,0x00000006d1c00000)
 Metaspace       used 65620K, capacity 68098K, committed 68528K, reserved 1110016K
  class space    used 8084K, capacity 8499K, committed 8624K, reserved 1048576K
Event: 25.943 GC heap after
Heap after GC invocations=15 (full 3):
 PSYoungGen      total 546816K, used 2736K [0x000000076b800000, 0x000000078fe00000, 0x00000007c0000000)
  eden space 528384K, 0% used [0x000000076b800000,0x000000076b800000,0x000000078bc00000)
  from space 18432K, 14% used [0x000000078ec00000,0x000000078eeac318,0x000000078fe00000)
  to   space 33792K, 0% used [0x000000078bc00000,0x000000078bc00000,0x000000078dd00000)
 ParOldGen       total 249856K, used 69940K [0x00000006c2800000, 0x00000006d1c00000, 0x000000076b800000)
  object space 249856K, 27% used [0x00000006c2800000,0x00000006c6c4d148,0x00000006d1c00000)
 Metaspace       used 65620K, capacity 68098K, committed 68528K, reserved 1110016K
  class space    used 8084K, capacity 8499K, committed 8624K, reserved 1048576K
}
Event: 26.492 GC heap before
{Heap before GC invocations=16 (full 3):
 PSYoungGen      total 546816K, used 531120K [0x000000076b800000, 0x000000078fe00000, 0x00000007c0000000)
  eden space 528384K, 100% used [0x000000076b800000,0x000000078bc00000,0x000000078bc00000)
  from space 18432K, 14% used [0x000000078ec00000,0x000000078eeac318,0x000000078fe00000)
  to   space 33792K, 0% used [0x000000078bc00000,0x000000078bc00000,0x000000078dd00000)
 ParOldGen       total 249856K, used 69940K [0x00000006c2800000, 0x00000006d1c00000, 0x000000076b800000)
  object space 249856K, 27% used [0x00000006c2800000,0x00000006c6c4d148,0x00000006d1c00000)
 Metaspace       used 65620K, capacity 68098K, committed 68528K, reserved 1110016K
  class space    used 8084K, capacity 8499K, committed 8624K, reserved 1048576K
Event: 26.495 GC heap after
Heap after GC invocations=16 (full 3):
 PSYoungGen      total 562176K, used 1472K [0x000000076b800000, 0x0000000794e00000, 0x00000007c0000000)
  eden space 528384K, 0% used [0x000000076b800000,0x000000076b800000,0x000000078bc00000)
  from space 33792K, 4% used [0x000000078bc00000,0x000000078bd70040,0x000000078dd00000)
  to   space 33792K, 0% used [0x0000000792d00000,0x0000000792d00000,0x0000000794e00000)
 ParOldGen       total 249856K, used 69940K [0x00000006c2800000, 0x00000006d1c00000, 0x000000076b800000)
  object space 249856K, 27% used [0x00000006c2800000,0x00000006c6c4d148,0x00000006d1c00000)
 Metaspace       used 65620K, capacity 68098K, committed 68528K, reserved 1110016K
  class space    used 8084K, capacity 8499K, committed 8624K, reserved 1048576K
}
Event: 27.846 GC heap before
{Heap before GC invocations=17 (full 3):
 PSYoungGen      total 562176K, used 529856K [0x000000076b800000, 0x0000000794e00000, 0x00000007c0000000)
  eden space 528384K, 100% used [0x000000076b800000,0x000000078bc00000,0x000000078bc00000)
  from space 33792K, 4% used [0x000000078bc00000,0x000000078bd70040,0x000000078dd00000)
  to   space 33792K, 0% used [0x0000000792d00000,0x0000000792d00000,0x0000000794e00000)
 ParOldGen       total 249856K, used 69940K [0x00000006c2800000, 0x00000006d1c00000, 0x000000076b800000)
  object space 249856K, 27% used [0x00000006c2800000,0x00000006c6c4d148,0x00000006d1c00000)
 Metaspace       used 67080K, capacity 69538K, committed 69680K, reserved 1110016K
  class space    used 8305K, capacity 8723K, committed 8752K, reserved 1048576K
Event: 27.852 GC heap after
Heap after GC invocations=17 (full 3):
 PSYoungGen      total 625664K, used 2688K [0x000000076b800000, 0x0000000794480000, 0x00000007c0000000)
  eden space 601600K, 0% used [0x000000076b800000,0x000000076b800000,0x0000000790380000)
  from space 24064K, 11% used [0x0000000792d00000,0x0000000792fa0020,0x0000000794480000)
  to   space 33280K, 0% used [0x0000000790380000,0x0000000790380000,0x0000000792400000)
 ParOldGen       total 249856K, used 69948K [0x00000006c2800000, 0x00000006d1c00000, 0x000000076b800000)
  object space 249856K, 27% used [0x00000006c2800000,0x00000006c6c4f148,0x00000006d1c00000)
 Metaspace       used 67080K, capacity 69538K, committed 69680K, reserved 1110016K
  class space    used 8305K, capacity 8723K, committed 8752K, reserved 1048576K
}

